TN:
SF:src/ast/compressor.ts
FN:36,compressFile
FN:50,visit
FN:160,renderImport
FN:171,renderExportDeclaration
FN:178,renderExportAssignment
FN:198,renderExportedVariable
FN:229,renderFunctionSignature
FN:244,renderCallableSignature
FN:262,renderInterface
FN:271,renderClassShell
FN:302,renderClassMember
FN:346,isHiddenMember
FN:364,renderMemberModifiers
FN:385,renderParameters
FN:401,renderTypeParameters
FN:412,isExported
FN:416,hasModifier
FN:424,printNode
FN:433,withJsDoc
FN:454,buildSummary
FN:482,dedupe
FN:493,renderCompressed
FNF:22
FNH:20
FNDA:1,compressFile
FNDA:6,visit
FNDA:1,renderImport
FNDA:0,renderExportDeclaration
FNDA:1,renderExportAssignment
FNDA:1,renderExportedVariable
FNDA:1,renderFunctionSignature
FNDA:2,renderCallableSignature
FNDA:0,renderInterface
FNDA:1,renderClassShell
FNDA:2,renderClassMember
FNDA:4,isHiddenMember
FNDA:2,renderMemberModifiers
FNDA:4,renderParameters
FNDA:5,renderTypeParameters
FNDA:3,isExported
FNDA:11,hasModifier
FNDA:19,printNode
FNDA:3,withJsDoc
FNDA:1,buildSummary
FNDA:1,dedupe
FNDA:3,renderCompressed
DA:1,1
DA:2,1
DA:30,1
DA:31,1
DA:32,1
DA:33,1
DA:34,1
DA:36,1
DA:37,1
DA:38,1
DA:39,0
DA:40,0
DA:42,1
DA:43,1
DA:44,1
DA:45,1
DA:46,1
DA:48,1
DA:50,1
DA:52,6
DA:53,1
DA:54,1
DA:55,1
DA:56,1
DA:57,1
DA:58,1
DA:61,6
DA:62,0
DA:63,0
DA:64,0
DA:65,0
DA:66,0
DA:67,0
DA:68,0
DA:69,0
DA:70,0
DA:71,0
DA:72,0
DA:75,6
DA:76,1
DA:77,1
DA:78,1
DA:79,1
DA:81,6
DA:82,1
DA:83,1
DA:84,1
DA:85,1
DA:86,1
DA:87,1
DA:89,6
DA:90,0
DA:91,0
DA:92,0
DA:93,0
DA:94,0
DA:95,0
DA:97,6
DA:98,0
DA:99,0
DA:100,0
DA:101,0
DA:102,0
DA:103,0
DA:105,6
DA:106,0
DA:107,0
DA:108,0
DA:109,0
DA:110,0
DA:111,0
DA:113,6
DA:114,1
DA:115,1
DA:116,1
DA:117,1
DA:118,1
DA:119,1
DA:121,6
DA:122,1
DA:123,1
DA:124,1
DA:125,1
DA:126,1
DA:127,1
DA:128,1
DA:129,1
DA:130,1
DA:131,1
DA:132,1
DA:133,6
DA:135,1
DA:137,1
DA:138,1
DA:140,1
DA:141,1
DA:142,1
DA:143,1
DA:144,1
DA:145,1
DA:146,1
DA:147,1
DA:148,1
DA:149,1
DA:150,1
DA:151,1
DA:154,1
DA:155,1
DA:156,1
DA:160,1
DA:161,1
DA:162,1
DA:163,1
DA:164,1
DA:165,0
DA:166,0
DA:168,1
DA:169,1
DA:171,0
DA:172,0
DA:173,0
DA:174,0
DA:175,0
DA:176,0
DA:178,1
DA:179,1
DA:180,1
DA:181,1
DA:184,1
DA:185,1
DA:186,0
DA:187,0
DA:188,1
DA:189,1
DA:190,1
DA:191,1
DA:192,0
DA:193,0
DA:194,0
DA:195,0
DA:196,0
DA:198,1
DA:199,1
DA:200,1
DA:201,1
DA:202,1
DA:203,1
DA:204,0
DA:205,0
DA:206,1
DA:207,1
DA:208,0
DA:209,0
DA:210,0
DA:214,1
DA:215,1
DA:216,1
DA:217,1
DA:218,1
DA:221,0
DA:222,0
DA:223,0
DA:224,1
DA:225,1
DA:229,1
DA:230,1
DA:231,1
DA:232,1
DA:233,1
DA:234,1
DA:235,1
DA:236,1
DA:237,1
DA:238,1
DA:239,1
DA:240,1
DA:241,1
DA:244,2
DA:245,2
DA:246,2
DA:247,2
DA:248,2
DA:249,2
DA:250,2
DA:251,2
DA:252,2
DA:253,2
DA:262,0
DA:263,0
DA:264,0
DA:265,0
DA:266,0
DA:267,0
DA:271,1
DA:272,1
DA:273,1
DA:274,1
DA:275,1
DA:276,1
DA:277,1
DA:278,1
DA:279,1
DA:280,1
DA:281,0
DA:282,0
DA:283,0
DA:284,0
DA:285,1
DA:287,1
DA:288,1
DA:289,4
DA:290,2
DA:291,2
DA:292,2
DA:293,2
DA:294,2
DA:295,2
DA:296,4
DA:298,1
DA:299,1
DA:300,1
DA:302,2
DA:303,2
DA:304,2
DA:305,2
DA:306,2
DA:307,0
DA:308,0
DA:309,0
DA:310,0
DA:312,2
DA:313,1
DA:314,1
DA:315,1
DA:316,1
DA:317,1
DA:318,1
DA:319,1
DA:321,2
DA:322,0
DA:323,0
DA:324,0
DA:325,0
DA:326,0
DA:327,0
DA:328,0
DA:330,1
DA:331,1
DA:332,1
DA:333,1
DA:334,1
DA:336,1
DA:337,1
DA:339,0
DA:340,0
DA:341,0
DA:343,0
DA:344,0
DA:346,4
DA:347,4
DA:348,4
DA:349,4
DA:350,1
DA:351,1
DA:352,4
DA:353,4
DA:354,4
DA:355,1
DA:356,1
DA:357,2
DA:358,2
DA:359,2
DA:360,2
DA:361,2
DA:362,2
DA:364,2
DA:365,2
DA:366,0
DA:367,0
DA:368,2
DA:369,2
DA:370,1
DA:371,1
DA:372,1
DA:373,1
DA:374,1
DA:375,1
DA:376,1
DA:377,1
DA:378,1
DA:379,1
DA:380,2
DA:381,2
DA:385,4
DA:386,4
DA:387,4
DA:388,4
DA:389,4
DA:390,4
DA:392,5
DA:393,5
DA:394,5
DA:395,5
DA:396,5
DA:397,4
DA:398,4
DA:399,4
DA:401,5
DA:402,5
DA:403,5
DA:404,5
DA:405,5
DA:406,4
DA:407,4
DA:408,1
DA:409,1
DA:410,1
DA:412,3
DA:413,3
DA:414,3
DA:416,11
DA:417,11
DA:418,0
DA:419,0
DA:420,11
DA:421,11
DA:422,11
DA:424,19
DA:425,19
DA:426,19
DA:433,3
DA:434,3
DA:435,3
DA:437,2
DA:438,2
DA:439,2
DA:440,2
DA:441,0
DA:442,0
DA:443,0
DA:444,0
DA:445,0
DA:446,0
DA:447,0
DA:448,0
DA:449,0
DA:450,1
DA:451,1
DA:452,1
DA:454,1
DA:455,1
DA:456,1
DA:457,1
DA:458,1
DA:459,1
DA:460,1
DA:461,1
DA:462,1
DA:463,1
DA:464,1
DA:465,1
DA:468,0
DA:469,0
DA:470,0
DA:471,0
DA:472,0
DA:473,0
DA:474,0
DA:475,0
DA:476,0
DA:477,0
DA:478,1
DA:479,1
DA:480,1
DA:482,1
DA:483,1
DA:484,1
DA:493,1
DA:494,3
DA:495,3
DA:496,3
DA:497,0
DA:498,3
DA:499,3
DA:500,3
DA:501,2
DA:502,2
DA:503,3
DA:504,3
DA:505,3
DA:506,3
DA:507,3
DA:508,1
DA:509,1
DA:510,1
DA:511,3
DA:512,2
DA:513,2
DA:514,2
DA:515,3
DA:516,3
DA:517,3
DA:518,3
DA:519,3
DA:520,3
LF:405
LH:301
BRDA:36,0,0,1
BRDA:38,1,0,0
BRDA:50,2,0,6
BRDA:52,3,0,1
BRDA:58,4,0,5
BRDA:61,5,0,0
BRDA:72,6,0,5
BRDA:75,7,0,1
BRDA:79,8,0,4
BRDA:81,9,0,1
BRDA:81,10,0,1
BRDA:87,11,0,3
BRDA:89,12,0,0
BRDA:95,13,0,3
BRDA:97,14,0,0
BRDA:103,15,0,3
BRDA:105,16,0,0
BRDA:111,17,0,3
BRDA:113,18,0,1
BRDA:113,19,0,1
BRDA:119,20,0,2
BRDA:121,21,0,1
BRDA:121,22,0,1
BRDA:160,23,0,1
BRDA:164,24,0,0
BRDA:178,25,0,1
BRDA:185,26,0,0
BRDA:191,27,0,0
BRDA:198,28,0,1
BRDA:203,29,0,0
BRDA:207,30,0,0
BRDA:215,31,0,0
BRDA:218,32,0,0
BRDA:222,33,0,0
BRDA:229,34,0,1
BRDA:233,35,0,0
BRDA:234,36,0,0
BRDA:235,37,0,0
BRDA:236,38,0,0
BRDA:239,39,0,0
BRDA:244,40,0,2
BRDA:248,41,0,0
BRDA:251,42,0,0
BRDA:271,43,0,1
BRDA:275,44,0,0
BRDA:276,45,0,0
BRDA:277,46,0,0
BRDA:278,47,0,0
BRDA:280,48,0,0
BRDA:288,49,0,4
BRDA:289,50,0,2
BRDA:298,51,0,0
BRDA:302,52,0,2
BRDA:306,53,0,0
BRDA:312,54,0,1
BRDA:317,55,0,0
BRDA:321,56,0,0
BRDA:328,57,0,1
BRDA:333,58,0,0
BRDA:334,59,0,0
BRDA:337,60,0,0
BRDA:346,61,0,4
BRDA:347,62,0,2
BRDA:347,63,0,0
BRDA:348,64,0,0
BRDA:349,65,0,1
BRDA:352,66,0,3
BRDA:353,67,0,0
BRDA:354,68,0,1
BRDA:356,69,0,2
BRDA:358,70,0,2
BRDA:364,71,0,2
BRDA:365,72,0,0
BRDA:369,73,0,1
BRDA:369,74,0,1
BRDA:380,75,0,0
BRDA:374,76,0,1
BRDA:378,77,0,1
BRDA:378,78,0,0
BRDA:385,79,0,4
BRDA:390,80,0,5
BRDA:392,81,0,0
BRDA:394,82,0,0
BRDA:395,83,0,4
BRDA:395,84,0,1
BRDA:401,85,0,5
BRDA:405,86,0,1
BRDA:405,87,0,4
BRDA:407,88,0,1
BRDA:408,89,0,1
BRDA:412,90,0,3
BRDA:416,91,0,11
BRDA:417,92,0,0
BRDA:421,93,0,9
BRDA:421,94,0,9
BRDA:424,95,0,19
BRDA:433,96,0,3
BRDA:435,97,0,1
BRDA:435,98,0,2
BRDA:438,99,0,0
BRDA:440,100,0,0
BRDA:449,101,0,1
BRDA:454,102,0,1
BRDA:463,103,0,0
BRDA:465,104,0,0
BRDA:478,105,0,0
BRDA:482,106,0,1
BRDA:493,107,0,3
BRDA:496,108,0,0
BRDA:500,109,0,2
BRDA:507,110,0,1
BRDA:511,111,0,2
BRF:112
BRH:65
end_of_record
TN:
SF:src/ast/parser.ts
FN:28,<instance_members_initializer>
FN:30,get
FN:41,set
FN:54,clear
FN:58,size
FN:77,scriptKindFor
FN:110,parseFile
FN:161,clearAstCache
FN:166,astCacheSize
FNF:9
FNH:5
FNDA:4,<instance_members_initializer>
FNDA:5,get
FNDA:5,set
FNDA:0,clear
FNDA:0,size
FNDA:5,scriptKindFor
FNDA:5,parseFile
FNDA:0,clearAstCache
FNDA:0,astCacheSize
DA:1,1
DA:2,1
DA:3,1
DA:4,1
DA:25,1
DA:27,1
DA:28,1
DA:30,1
DA:31,5
DA:32,5
DA:34,0
DA:35,0
DA:36,0
DA:37,0
DA:38,5
DA:39,5
DA:41,1
DA:42,5
DA:43,0
DA:44,0
DA:45,5
DA:46,5
DA:47,0
DA:48,0
DA:49,0
DA:50,0
DA:51,0
DA:52,5
DA:54,1
DA:55,0
DA:56,0
DA:58,1
DA:59,0
DA:60,0
DA:61,1
DA:63,1
DA:77,5
DA:78,5
DA:79,5
DA:80,0
DA:81,0
DA:82,5
DA:83,5
DA:84,5
DA:85,0
DA:86,5
DA:87,5
DA:88,5
DA:89,0
DA:90,5
DA:91,0
DA:92,5
DA:93,5
DA:94,0
DA:95,5
DA:96,0
DA:97,5
DA:98,5
DA:110,1
DA:111,5
DA:112,5
DA:113,5
DA:114,5
DA:115,0
DA:116,0
DA:118,5
DA:119,5
DA:120,5
DA:121,0
DA:122,0
DA:123,0
DA:124,0
DA:125,0
DA:126,0
DA:127,0
DA:129,5
DA:130,5
DA:131,5
DA:132,5
DA:133,0
DA:134,0
DA:135,0
DA:137,5
DA:138,5
DA:139,5
DA:140,5
DA:141,5
DA:142,5
DA:143,5
DA:147,5
DA:149,5
DA:150,5
DA:151,0
DA:152,0
DA:153,0
DA:154,0
DA:156,5
DA:157,5
DA:158,5
DA:159,5
DA:161,1
DA:162,0
DA:163,0
DA:164,0
DA:166,1
DA:167,0
DA:168,0
LF:107
LH:64
BRDA:28,0,0,4
BRDA:30,1,0,5
BRDA:32,2,0,0
BRDA:32,3,0,0
BRDA:41,4,0,5
BRDA:42,5,0,0
BRDA:46,6,0,0
BRDA:77,7,0,5
BRDA:79,8,0,0
BRDA:84,9,0,0
BRDA:88,10,0,0
BRDA:90,11,0,0
BRDA:92,12,0,0
BRDA:93,13,0,0
BRDA:95,14,0,0
BRDA:110,15,0,5
BRDA:114,16,0,0
BRDA:120,17,0,0
BRDA:132,18,0,0
BRDA:150,19,0,0
BRF:20
BRH:5
end_of_record
TN:
SF:src/context/budgeter.ts
FN:40,budget
FN:129,normalizeSplit
FN:154,byInputOrder
FNF:3
FNH:3
FNDA:3,budget
FNDA:3,normalizeSplit
FNDA:3,byInputOrder
DA:33,1
DA:34,1
DA:35,1
DA:36,1
DA:37,1
DA:38,1
DA:40,1
DA:41,3
DA:43,3
DA:44,3
DA:45,3
DA:46,3
DA:47,3
DA:48,3
DA:49,3
DA:50,3
DA:51,3
DA:52,3
DA:53,3
DA:54,3
DA:55,3
DA:56,3
DA:57,3
DA:58,3
DA:59,3
DA:60,3
DA:61,3
DA:64,3
DA:65,3
DA:67,3
DA:68,9
DA:69,9
DA:70,3
DA:71,3
DA:72,3
DA:73,9
DA:74,6
DA:75,6
DA:76,9
DA:80,3
DA:81,3
DA:82,3
DA:84,3
DA:86,3
DA:87,6
DA:88,3
DA:89,3
DA:90,3
DA:91,3
DA:92,3
DA:93,3
DA:94,3
DA:95,3
DA:96,3
DA:97,3
DA:98,3
DA:99,3
DA:100,3
DA:101,1
DA:102,2
DA:103,3
DA:104,3
DA:105,6
DA:108,3
DA:110,3
DA:111,12
DA:112,12
DA:113,12
DA:114,12
DA:115,3
DA:117,3
DA:118,3
DA:119,3
DA:120,3
DA:121,3
DA:122,3
DA:129,3
DA:130,3
DA:131,3
DA:132,3
DA:133,3
DA:134,3
DA:135,3
DA:136,3
DA:137,3
DA:138,3
DA:139,3
DA:140,3
DA:141,3
DA:142,3
DA:143,3
DA:144,0
DA:145,0
DA:146,3
DA:147,3
DA:148,3
DA:149,3
DA:150,3
DA:151,3
DA:152,3
DA:154,3
DA:155,3
DA:156,3
DA:157,3
DA:158,3
DA:159,3
DA:160,6
DA:161,3
LF:108
LH:106
BRDA:40,0,0,3
BRDA:67,1,0,9
BRDA:69,2,0,3
BRDA:73,3,0,6
BRDA:86,4,0,6
BRDA:87,5,0,3
BRDA:100,6,0,1
BRDA:101,7,0,2
BRDA:80,8,0,12
BRDA:81,9,0,12
BRDA:110,10,0,12
BRDA:120,11,0,12
BRDA:129,12,0,3
BRDA:133,13,0,0
BRDA:134,14,0,0
BRDA:135,15,0,0
BRDA:136,16,0,0
BRDA:143,17,0,0
BRDA:154,18,0,3
BRDA:158,19,0,9
BRDA:159,20,0,6
BRDA:160,21,0,0
BRDA:160,22,0,0
BRF:23
BRH:16
end_of_record
TN:
SF:src/context/engine.ts
FN:1,(empty-report)
FNF:1
FNH:0
FNDA:0,(empty-report)
DA:1,0
DA:7,0
DA:8,0
DA:14,0
DA:15,0
DA:16,0
DA:18,0
DA:19,0
DA:20,0
DA:41,0
DA:42,0
DA:44,0
DA:45,0
DA:47,0
DA:48,0
DA:50,0
DA:51,0
DA:52,0
DA:53,0
DA:54,0
DA:55,0
DA:56,0
DA:58,0
DA:59,0
DA:60,0
DA:61,0
DA:62,0
DA:64,0
DA:65,0
DA:66,0
DA:67,0
DA:68,0
DA:70,0
DA:71,0
DA:72,0
DA:73,0
DA:75,0
DA:76,0
DA:77,0
DA:78,0
DA:79,0
DA:80,0
DA:81,0
DA:82,0
DA:83,0
DA:84,0
DA:91,0
DA:92,0
DA:94,0
DA:95,0
DA:96,0
DA:97,0
DA:98,0
DA:99,0
DA:100,0
DA:101,0
DA:102,0
DA:103,0
DA:104,0
DA:105,0
DA:106,0
DA:107,0
DA:109,0
DA:110,0
DA:115,0
DA:116,0
DA:117,0
DA:118,0
DA:119,0
DA:120,0
DA:121,0
DA:122,0
DA:123,0
DA:124,0
DA:125,0
DA:126,0
DA:128,0
DA:129,0
DA:130,0
DA:132,0
DA:133,0
DA:134,0
DA:135,0
DA:136,0
DA:137,0
DA:138,0
DA:139,0
DA:141,0
DA:142,0
DA:149,0
DA:150,0
DA:151,0
DA:152,0
DA:153,0
DA:155,0
DA:158,0
DA:159,0
DA:160,0
DA:161,0
DA:162,0
DA:163,0
DA:164,0
DA:165,0
DA:167,0
DA:174,0
DA:175,0
DA:176,0
DA:179,0
DA:180,0
DA:181,0
DA:182,0
DA:183,0
DA:184,0
DA:186,0
DA:187,0
DA:189,0
DA:190,0
DA:191,0
DA:192,0
DA:193,0
DA:194,0
DA:195,0
DA:196,0
DA:197,0
DA:198,0
DA:199,0
DA:201,0
DA:202,0
DA:203,0
DA:212,0
DA:213,0
DA:214,0
DA:215,0
DA:216,0
DA:217,0
DA:218,0
DA:219,0
DA:220,0
DA:221,0
DA:222,0
DA:223,0
DA:224,0
DA:225,0
DA:226,0
DA:228,0
DA:229,0
DA:230,0
DA:231,0
DA:232,0
DA:233,0
DA:234,0
DA:235,0
DA:236,0
DA:237,0
DA:238,0
DA:239,0
DA:240,0
DA:241,0
DA:242,0
DA:243,0
DA:244,0
DA:245,0
DA:246,0
DA:247,0
DA:248,0
DA:249,0
DA:250,0
DA:251,0
DA:252,0
DA:253,0
DA:254,0
DA:255,0
DA:256,0
DA:258,0
DA:259,0
DA:260,0
DA:261,0
DA:262,0
DA:263,0
DA:264,0
DA:265,0
DA:266,0
DA:267,0
LF:183
LH:0
BRDA:1,0,0,0
BRF:1
BRH:0
end_of_record
TN:
SF:src/context/prioritizer.ts
FN:31,prioritize
FN:75,matchesKeywordsInPath
FN:89,clamp01
FN:95,byScoreDesc
FN:104,reason
FNF:5
FNH:4
FNDA:2,prioritize
FNDA:3,matchesKeywordsInPath
FNDA:3,clamp01
FNDA:2,byScoreDesc
FNDA:0,reason
DA:2,1
DA:31,1
DA:32,2
DA:33,2
DA:35,2
DA:36,4
DA:37,1
DA:38,1
DA:39,1
DA:40,1
DA:41,1
DA:42,1
DA:43,1
DA:45,3
DA:46,3
DA:47,3
DA:48,3
DA:53,3
DA:54,3
DA:56,3
DA:58,4
DA:59,0
DA:60,0
DA:61,0
DA:62,0
DA:63,0
DA:64,4
DA:65,0
DA:66,0
DA:67,0
DA:68,0
DA:69,0
DA:70,4
DA:72,2
DA:73,2
DA:75,3
DA:76,3
DA:77,3
DA:78,3
DA:79,0
DA:80,0
DA:81,0
DA:82,0
DA:83,0
DA:84,0
DA:85,0
DA:86,0
DA:87,0
DA:89,3
DA:90,3
DA:91,3
DA:92,3
DA:93,3
DA:95,2
DA:96,2
DA:97,1
DA:98,1
DA:100,1
DA:101,1
DA:104,1
DA:105,0
DA:106,0
DA:107,0
DA:108,0
DA:109,0
LF:65
LH:41
BRDA:31,0,0,2
BRDA:35,1,0,4
BRDA:36,2,0,2
BRDA:36,3,0,1
BRDA:43,4,0,3
BRDA:58,5,0,0
BRDA:63,6,0,3
BRDA:64,7,0,0
BRDA:75,8,0,3
BRDA:78,9,0,0
BRDA:89,10,0,3
BRDA:90,11,0,0
BRDA:91,12,0,0
BRDA:95,13,0,2
BRDA:96,14,0,1
BRF:15
BRH:10
end_of_record
TN:
SF:src/context/state.ts
FN:1,(empty-report)
FNF:1
FNH:1
FNDA:1,(empty-report)
DA:20,0
DA:21,0
DA:22,0
DA:24,0
DA:25,0
DA:27,0
DA:28,0
DA:29,0
DA:31,0
DA:33,0
DA:34,0
DA:35,0
DA:36,0
DA:37,0
DA:38,0
DA:40,0
DA:41,0
DA:42,0
DA:43,0
DA:44,0
DA:45,0
DA:46,0
DA:47,0
DA:48,0
DA:49,0
DA:51,0
DA:52,0
DA:53,0
DA:54,0
DA:56,0
DA:57,0
DA:58,0
DA:59,0
DA:60,0
DA:61,0
DA:62,0
DA:63,0
DA:64,0
DA:65,0
DA:66,0
DA:67,0
DA:68,0
DA:69,0
DA:71,0
DA:72,0
DA:73,0
DA:74,0
DA:76,0
DA:77,0
DA:78,0
DA:79,0
DA:80,0
DA:81,0
DA:82,0
DA:89,0
DA:90,0
DA:91,0
DA:92,0
DA:93,0
DA:94,0
DA:95,0
DA:96,0
DA:97,0
DA:98,0
DA:100,0
DA:101,0
DA:102,0
DA:103,0
DA:104,0
DA:106,0
DA:107,0
DA:108,0
DA:109,0
DA:110,0
DA:111,0
DA:112,0
DA:113,0
DA:114,0
DA:115,0
DA:116,0
DA:118,0
DA:119,0
DA:120,0
DA:121,0
LF:84
LH:0
BRDA:1,0,0,1
BRF:1
BRH:1
end_of_record
TN:
SF:src/prompt/builder.ts
FN:29,buildPrompt
FN:134,buildFallbackPrompt
FNF:2
FNH:1
FNDA:1,buildPrompt
FNDA:0,buildFallbackPrompt
DA:6,1
DA:7,1
DA:29,1
DA:30,1
DA:31,1
DA:34,1
DA:35,1
DA:36,1
DA:38,1
DA:40,1
DA:42,1
DA:43,1
DA:44,1
DA:45,1
DA:46,1
DA:47,1
DA:48,0
DA:49,0
DA:50,1
DA:51,1
DA:55,1
DA:56,1
DA:60,1
DA:61,1
DA:62,1
DA:63,1
DA:64,1
DA:65,1
DA:66,1
DA:67,1
DA:68,1
DA:69,1
DA:70,1
DA:71,1
DA:73,1
DA:74,1
DA:75,1
DA:77,1
DA:78,1
DA:79,1
DA:80,1
DA:81,1
DA:82,1
DA:83,1
DA:84,1
DA:85,1
DA:87,1
DA:88,1
DA:89,1
DA:90,1
DA:91,1
DA:92,1
DA:94,1
DA:95,1
DA:96,1
DA:97,1
DA:98,1
DA:99,0
DA:100,1
DA:101,1
DA:102,1
DA:104,1
DA:105,0
DA:106,0
DA:107,0
DA:108,0
DA:109,0
DA:110,0
DA:111,0
DA:112,0
DA:113,0
DA:115,1
DA:116,0
DA:117,0
DA:118,0
DA:119,0
DA:120,0
DA:121,0
DA:122,0
DA:124,1
DA:126,1
DA:127,1
DA:128,1
DA:129,1
DA:130,1
DA:131,1
DA:134,1
DA:135,0
DA:136,0
LF:89
LH:68
BRDA:29,0,0,1
BRDA:42,1,0,0
BRDA:47,2,0,0
BRDA:98,3,0,0
BRDA:104,4,0,0
BRDA:115,5,0,0
BRDA:31,6,0,2
BRDA:31,7,0,2
BRDA:34,8,0,2
BRDA:35,9,0,2
BRDA:36,10,0,2
BRDA:128,11,0,2
BRF:12
BRH:7
end_of_record
TN:
SF:src/provider/adapter.ts
FN:1,(empty-report)
FNF:1
FNH:1
FNDA:1,(empty-report)
DA:36,0
DA:37,0
DA:38,0
DA:39,0
DA:40,0
DA:41,0
DA:42,0
DA:43,0
DA:44,0
DA:46,0
DA:47,0
DA:48,0
DA:49,0
DA:50,0
DA:51,0
DA:52,0
DA:53,0
DA:54,0
DA:55,0
DA:56,0
DA:57,0
DA:58,0
DA:60,0
DA:61,0
DA:62,0
DA:63,0
DA:64,0
DA:65,0
DA:66,0
DA:67,0
DA:68,0
DA:69,0
DA:70,0
DA:71,0
DA:72,0
DA:73,0
DA:74,0
DA:75,0
DA:76,0
DA:77,0
DA:78,0
DA:79,0
DA:80,0
DA:83,0
DA:84,0
DA:85,0
DA:87,0
DA:88,0
DA:89,0
DA:90,0
DA:91,0
DA:92,0
DA:93,0
DA:94,0
DA:95,0
DA:96,0
DA:97,0
DA:98,0
DA:99,0
DA:100,0
DA:101,0
DA:102,0
DA:103,0
DA:104,0
DA:105,0
DA:106,0
DA:107,0
DA:108,0
DA:111,0
DA:112,0
DA:113,0
DA:114,0
LF:72
LH:0
BRDA:1,0,0,1
BRF:1
BRH:1
end_of_record
TN:
SF:src/retrieval/retriever.ts
FN:32,directImportsOf
FN:60,importGraphWithResolver
FN:99,tryExtensions
FN:128,keywordsFromTask
FN:146,keywordHits
FNF:5
FNH:5
FNDA:3,directImportsOf
FNDA:1,importGraphWithResolver
FNDA:2,tryExtensions
FNDA:1,keywordsFromTask
FNDA:1,keywordHits
DA:1,1
DA:2,1
DA:3,1
DA:4,1
DA:32,3
DA:33,3
DA:34,0
DA:35,0
DA:36,3
DA:37,3
DA:38,0
DA:39,0
DA:40,3
DA:41,3
DA:42,8
DA:43,1
DA:44,1
DA:45,7
DA:46,1
DA:47,1
DA:48,7
DA:49,1
DA:50,1
DA:51,3
DA:52,3
DA:53,3
DA:60,1
DA:61,1
DA:62,1
DA:63,1
DA:64,1
DA:65,1
DA:66,1
DA:67,1
DA:68,1
DA:69,1
DA:71,1
DA:72,3
DA:73,3
DA:74,0
DA:75,0
DA:76,3
DA:77,2
DA:78,2
DA:79,0
DA:80,0
DA:81,2
DA:82,2
DA:83,0
DA:84,0
DA:85,2
DA:86,2
DA:87,2
DA:88,2
DA:89,2
DA:90,2
DA:91,2
DA:92,2
DA:93,2
DA:94,2
DA:95,3
DA:96,1
DA:97,1
DA:99,2
DA:100,2
DA:101,2
DA:102,2
DA:103,2
DA:104,0
DA:105,0
DA:106,2
DA:107,2
DA:108,2
DA:109,2
DA:110,2
DA:111,2
DA:112,0
DA:113,0
DA:121,1
DA:122,1
DA:123,1
DA:124,1
DA:125,1
DA:126,1
DA:128,1
DA:129,1
DA:130,1
DA:131,1
DA:132,1
DA:134,1
DA:135,1
DA:136,1
DA:137,3
DA:138,3
DA:139,3
DA:140,3
DA:141,3
DA:142,3
DA:143,1
DA:144,1
DA:146,1
DA:147,1
DA:148,1
DA:149,1
DA:150,1
DA:151,1
DA:152,0
DA:153,0
DA:154,1
DA:155,1
DA:157,1
DA:158,2
DA:159,0
DA:160,0
DA:161,2
DA:162,2
DA:164,2
DA:165,2
DA:166,2
DA:167,2
DA:168,2
DA:169,2
DA:170,0
DA:171,0
DA:173,2
DA:174,2
DA:176,2
DA:177,2
DA:178,4
DA:179,2
DA:180,2
DA:181,4
DA:182,2
DA:183,1
DA:184,1
DA:186,1
DA:187,1
DA:188,1
DA:189,1
DA:190,1
DA:191,2
DA:193,1
DA:194,1
LF:143
LH:123
BRDA:32,0,0,3
BRDA:33,1,0,0
BRDA:37,2,0,0
BRDA:41,3,0,8
BRDA:42,4,0,1
BRDA:42,5,0,1
BRDA:44,6,0,7
BRDA:45,7,0,1
BRDA:46,8,0,1
BRDA:48,9,0,1
BRDA:60,10,0,1
BRDA:71,11,0,3
BRDA:73,12,0,0
BRDA:76,13,0,2
BRDA:78,14,0,0
BRDA:82,15,0,0
BRDA:90,16,0,1
BRDA:90,17,0,1
BRDA:99,18,0,2
BRDA:103,19,0,0
BRDA:111,20,0,0
BRDA:128,21,0,1
BRDA:136,22,0,3
BRDA:131,23,0,8
BRDA:132,24,0,8
BRDA:146,25,0,1
BRDA:151,26,0,0
BRDA:157,27,0,2
BRDA:158,28,0,0
BRDA:169,29,0,0
BRDA:177,30,0,4
BRDA:178,31,0,2
BRDA:182,32,0,1
BRDA:154,33,0,2
BRF:34
BRH:24
end_of_record
TN:
SF:src/utils/logger.ts
FN:11,<instance_members_initializer>
FN:13,init
FN:17,info
FN:21,warn
FN:25,error
FN:30,time
FN:39,timeAsync
FN:48,write
FNF:8
FNH:1
FNDA:4,<instance_members_initializer>
FNDA:0,init
FNDA:0,info
FNDA:0,warn
FNDA:0,error
FNDA:0,time
FNDA:0,timeAsync
FNDA:0,write
DA:10,1
DA:11,1
DA:13,1
DA:14,0
DA:15,0
DA:17,1
DA:18,0
DA:19,0
DA:21,1
DA:22,0
DA:23,0
DA:25,1
DA:26,0
DA:27,0
DA:28,0
DA:30,1
DA:31,0
DA:32,0
DA:33,0
DA:34,0
DA:35,0
DA:36,0
DA:37,0
DA:39,1
DA:40,0
DA:41,0
DA:42,0
DA:43,0
DA:44,0
DA:45,0
DA:46,0
DA:48,1
DA:49,0
DA:50,0
DA:51,0
DA:52,0
DA:54,0
DA:55,0
DA:56,0
DA:57,1
DA:59,1
LF:41
LH:11
BRDA:11,0,0,4
BRF:1
BRH:1
end_of_record
TN:
SF:src/utils/paths.ts
FN:8,isTypeScriptLike
FN:13,isTestFile
FN:27,fileKindWeight
FN:48,resolveImport
FNF:4
FNH:4
FNDA:8,isTypeScriptLike
FNDA:3,isTestFile
FNDA:3,fileKindWeight
FNDA:2,resolveImport
DA:1,1
DA:8,1
DA:9,8
DA:10,8
DA:11,8
DA:13,1
DA:14,3
DA:15,3
DA:16,3
DA:17,3
DA:18,3
DA:20,3
DA:27,1
DA:28,3
DA:29,3
DA:30,0
DA:31,0
DA:32,3
DA:33,0
DA:34,0
DA:35,3
DA:36,0
DA:37,0
DA:38,3
DA:39,0
DA:40,0
DA:41,3
DA:42,3
DA:43,3
DA:44,0
DA:45,0
DA:48,1
DA:49,2
DA:50,2
DA:51,2
DA:52,2
DA:53,0
DA:54,0
DA:55,2
DA:56,2
DA:57,2
DA:58,2
DA:61,1
DA:62,1
DA:63,1
DA:64,1
DA:65,1
DA:66,1
DA:67,1
DA:68,1
DA:69,1
LF:51
LH:39
BRDA:8,0,0,8
BRDA:10,1,0,0
BRDA:10,2,0,0
BRDA:10,3,0,0
BRDA:13,4,0,3
BRDA:27,5,0,3
BRDA:29,6,0,0
BRDA:32,7,0,0
BRDA:35,8,0,0
BRDA:38,9,0,0
BRDA:43,10,0,0
BRDA:48,11,0,2
BRDA:52,12,0,0
BRF:13
BRH:4
end_of_record
TN:
SF:src/utils/tokens.ts
FN:13,estimateTokens
FN:24,clampToTokens
FNF:2
FNH:1
FNDA:1,estimateTokens
FNDA:0,clampToTokens
DA:11,1
DA:13,1
DA:14,1
DA:15,0
DA:16,0
DA:17,1
DA:18,1
DA:24,1
DA:25,0
DA:26,0
DA:27,0
DA:28,0
DA:29,0
DA:30,0
DA:31,0
DA:32,0
DA:33,0
DA:34,0
DA:35,0
DA:36,0
DA:37,0
DA:38,0
LF:22
LH:6
BRDA:13,0,0,1
BRDA:14,1,0,0
BRF:2
BRH:1
end_of_record
TN:
SF:src/utils/types.ts
FN:1,(empty-report)
FNF:1
FNH:1
FNDA:1,(empty-report)
LF:0
LH:0
BRDA:1,0,0,1
BRF:1
BRH:1
end_of_record
